<?xml version="1.0" encoding="UTF-8"?>
<testsuite name="com.liftoff.ecommerce.Controllers.ShoppingCartControllerUnitTest" tests="12" skipped="0" failures="0" errors="0" timestamp="2024-06-11T19:33:56" hostname="MovieDL" time="0.664">
  <properties/>
  <testcase name="testRemoveAllItemsFromCartByCustomerSuccess()" classname="com.liftoff.ecommerce.Controllers.ShoppingCartControllerUnitTest" time="0.322"/>
  <testcase name="testUpdateCartQuantityNotFound()" classname="com.liftoff.ecommerce.Controllers.ShoppingCartControllerUnitTest" time="0.021"/>
  <testcase name="testAddToCartNotFound()" classname="com.liftoff.ecommerce.Controllers.ShoppingCartControllerUnitTest" time="0.014"/>
  <testcase name="testRemoveAllItemsFromCartByCustomerCartNotFound()" classname="com.liftoff.ecommerce.Controllers.ShoppingCartControllerUnitTest" time="0.011"/>
  <testcase name="testReturnAllCartsSuccess()" classname="com.liftoff.ecommerce.Controllers.ShoppingCartControllerUnitTest" time="0.068"/>
  <testcase name="testReturnCartsByCustomerCartNotFound()" classname="com.liftoff.ecommerce.Controllers.ShoppingCartControllerUnitTest" time="0.013"/>
  <testcase name="testAddToCartSuccess()" classname="com.liftoff.ecommerce.Controllers.ShoppingCartControllerUnitTest" time="0.028"/>
  <testcase name="testReturnCartsByCustomerSuccess()" classname="com.liftoff.ecommerce.Controllers.ShoppingCartControllerUnitTest" time="0.018"/>
  <testcase name="testReturnAllCartsNotFound()" classname="com.liftoff.ecommerce.Controllers.ShoppingCartControllerUnitTest" time="0.022"/>
  <testcase name="testUpdateCartQuantitySuccess()" classname="com.liftoff.ecommerce.Controllers.ShoppingCartControllerUnitTest" time="0.015"/>
  <testcase name="testRemoveItemFromCustomerCartSuccess()" classname="com.liftoff.ecommerce.Controllers.ShoppingCartControllerUnitTest" time="0.021"/>
  <testcase name="testRemoveItemFromCustomerCartNotFound()" classname="com.liftoff.ecommerce.Controllers.ShoppingCartControllerUnitTest" time="0.016"/>
  <system-out><![CDATA[]]></system-out>
  <system-err><![CDATA[]]></system-err>
</testsuite>
