<?xml version="1.0" encoding="UTF-8"?>
<testsuite name="com.liftoff.ecommerce.Models.CompletedOrderUnitTest" tests="3" skipped="0" failures="0" errors="0" timestamp="2024-06-11T19:33:56" hostname="MovieDL" time="0.017">
  <properties/>
  <testcase name="testCompletedOrderConstructorNoArgs()" classname="com.liftoff.ecommerce.Models.CompletedOrderUnitTest" time="0.004"/>
  <testcase name="testCompletedOrderConstructorParameterized()" classname="com.liftoff.ecommerce.Models.CompletedOrderUnitTest" time="0.003"/>
  <testcase name="testCompletedOrderProperties()" classname="com.liftoff.ecommerce.Models.CompletedOrderUnitTest" time="0.001"/>
  <system-out><![CDATA[]]></system-out>
  <system-err><![CDATA[]]></system-err>
</testsuite>
