<?xml version="1.0" encoding="UTF-8"?>
<testsuite name="com.liftoff.ecommerce.Models.CompletedOrderItemUnitTest" tests="3" skipped="0" failures="0" errors="0" timestamp="2024-06-11T19:33:56" hostname="MovieDL" time="0.017">
  <properties/>
  <testcase name="testCompletedOrderItemConstructorNoArgs()" classname="com.liftoff.ecommerce.Models.CompletedOrderItemUnitTest" time="0.002"/>
  <testcase name="testCompletedOrderItemProperties()" classname="com.liftoff.ecommerce.Models.CompletedOrderItemUnitTest" time="0.003"/>
  <testcase name="testCompletedOrderItemConstructorParameterized()" classname="com.liftoff.ecommerce.Models.CompletedOrderItemUnitTest" time="0.002"/>
  <system-out><![CDATA[]]></system-out>
  <system-err><![CDATA[]]></system-err>
</testsuite>
